<?xml version="1.0" encoding="UTF-8"?>
<!-- Generated by org.testng.reporters.JUnitReportReporter -->
<testsuite hostname="DESKTOP-FLDGMC7" failures="0" tests="9" name="Maven.Testng_Automation.Demo_Site" time="108.108" errors="0" timestamp="2022-04-01T13:11:15 IST" skipped="0">
  <testcase classname="Maven.Testng_Automation.Demo_Site" name="Launch" time="25.327"/>
  <system-out/>
  <testcase classname="Maven.Testng_Automation.Demo_Site" name="login" time="16.196"/>
  <system-out/>
  <testcase classname="Maven.Testng_Automation.Demo_Site" name="searchbardd" time="3.988"/>
  <system-out/>
  <testcase classname="Maven.Testng_Automation.Demo_Site" name="hme" time="17.507"/>
  <system-out/>
  <testcase classname="Maven.Testng_Automation.Demo_Site" name="searchbrbtn" time="8.658"/>
  <system-out/>
  <testcase classname="Maven.Testng_Automation.Demo_Site" name="highnone" time="3.677"/>
  <system-out/>
  <testcase classname="Maven.Testng_Automation.Demo_Site" name="highfst" time="4.911"/>
  <system-out/>
  <testcase classname="Maven.Testng_Automation.Demo_Site" name="addtocart" time="4.987"/>
  <system-out/>
  <testcase classname="Maven.Testng_Automation.Demo_Site" name="wologin" time="22.857"/>
  <system-out/>
</testsuite> <!-- Maven.Testng_Automation.Demo_Site -->
